
> app@1.0.0 test:e2e
> playwright test


Running 1 test using 1 worker

[1A[2K[1/1] [chromium] › tests/basic-interactions.spec.js:33:8 › Basic Application Interactions › should allow creating a new task
[1A[2K[chromium] › tests/basic-interactions.spec.js:33:8 › Basic Application Interactions › should allow creating a new task
BROWSER CONSOLE: warning: cdn.tailwindcss.com should not be used in production. To use Tailwind CSS in production, install it as a PostCSS plugin or use the Tailwind CLI: https://tailwindcss.com/docs/installation

[1A[2KBROWSER CONSOLE: log: Unified DOMContentLoaded event fired.

[1A[2KBROWSER CONSOLE: log: Initializing Task Manager...

[1A[2KBROWSER CONSOLE: log: Initialization in progress, skipping save data.

[1A[2KBROWSER CONSOLE: log: Task Manager initialized.

[1A[2KBROWSER CONSOLE: log: Initializing Mission Planner...

[1A[2KBROWSER CONSOLE: log: --- renderTasks ---

[1A[2KBROWSER CONSOLE: log: Initial tasks: []

[1A[2KBROWSER CONSOLE: log: Filtered tasks: []

[1A[2KBROWSER CONSOLE: log: Mission Planner initialized.

[1A[2KBROWSER CONSOLE: log: Initialization complete. Data saving is now enabled.

[1A[2KBROWSER CONSOLE: log: --- renderTasks ---

[1A[2KBROWSER CONSOLE: log: Initial tasks: []

[1A[2KBROWSER CONSOLE: log: Filtered tasks: []

[1A[2KBROWSER CONSOLE: warning: cdn.tailwindcss.com should not be used in production. To use Tailwind CSS in production, install it as a PostCSS plugin or use the Tailwind CLI: https://tailwindcss.com/docs/installation

[1A[2KBROWSER CONSOLE: log: Unified DOMContentLoaded event fired.

[1A[2KBROWSER CONSOLE: log: Initializing Task Manager...

[1A[2KBROWSER CONSOLE: log: Initialization in progress, skipping save data.

[1A[2KBROWSER CONSOLE: log: Task Manager initialized.

[1A[2KBROWSER CONSOLE: log: Initializing Mission Planner...

[1A[2KBROWSER CONSOLE: log: Running one-time journal data migration...

[1A[2KBROWSER CONSOLE: log: Journal data migration complete.

[1A[2KBROWSER CONSOLE: log: Running one-time weekly goal migration...

[1A[2KBROWSER CONSOLE: log: Weekly goal migration complete. Migrated 0 goals.

[1A[2KBROWSER CONSOLE: log: --- renderTasks ---

[1A[2KBROWSER CONSOLE: log: Initial tasks: []

[1A[2KBROWSER CONSOLE: log: Filtered tasks: []

[1A[2KBROWSER CONSOLE: log: Mission Planner initialized.

[1A[2KBROWSER CONSOLE: log: Initialization complete. Data saving is now enabled.

[1A[2KBROWSER CONSOLE: log: --- renderTasks ---

[1A[2KBROWSER CONSOLE: log: Initial tasks: []

[1A[2KBROWSER CONSOLE: log: Filtered tasks: []

[1A[2KStarting test: should allow creating a new task

[1A[2KStep 1: Clicking Task Manager button

[1A[2KBROWSER CONSOLE: log: --- renderTasks ---

[1A[2KBROWSER CONSOLE: log: Initial tasks: []

[1A[2KBROWSER CONSOLE: log: Filtered tasks: []

[1A[2KStep 2: Waiting for Task Manager view to be visible

[1A[2KStep 2: Task Manager view is visible

[1A[2KStep 3: Clicking Add New Task button

[1A[2KStep 3: Add New Task button clicked

[1A[2KStep 4: Waiting for modal to be visible

[1A[2KStep 4: Modal is visible

[1A[2KStep 4: Modal title is correct

[1A[2KStep 5: Filling in task name

[1A[2KStep 5: Task name filled

[1A[2KStep 6: Clicking Save Task button

[1A[2KBROWSER CONSOLE: log: Upgraded task ID _e18vg1cj2: {from: Object, to: Object}

[1A[2KBROWSER CONSOLE: log: --- renderTasks ---

[1A[2KBROWSER CONSOLE: log: Initial tasks: [Object]

[1A[2KBROWSER CONSOLE: log: Filtered tasks: [Object]

[1A[2KStep 6: Save Task button clicked

[1A[2KStep 7: Waiting for modal to be hidden

[1A[2KStep 7: Modal is hidden

[1A[2KStep 8: Waiting for task to appear in the list

[1A[2K  1) [chromium] › tests/basic-interactions.spec.js:33:8 › Basic Application Interactions › should allow creating a new task

    Error: [2mexpect([22m[31mlocator[39m[2m).[22mtoHaveText[2m([22m[32mexpected[39m[2m)[22m failed

    Locator: locator('.task-item .task-name')
    Expected: [32m"My First Test Task"[39m
    Timeout: 5000ms
    Error: element(s) not found

    Call log:
    [2m  - Expect "toHaveText" with timeout 5000ms[22m
    [2m  - waiting for locator('.task-item .task-name')[22m


      76 |     // 8. The task should now be visible in the task list.
      77 |     console.log('Step 8: Waiting for task to appear in the list');
    > 78 |     await expect(page.locator('.task-item .task-name')).toHaveText(taskName);
         |                                                         ^
      79 |     console.log('Step 8: Task is visible in the list. Test complete.');
      80 |   });
      81 | });
        at /app/tests/basic-interactions.spec.js:78:57

    Error Context: test-results/basic-interactions-Basic-A-9a8b5-d-allow-creating-a-new-task-chromium/error-context.md

    attachment #2: trace (application/zip) ─────────────────────────────────────────────────────────
    test-results/basic-interactions-Basic-A-9a8b5-d-allow-creating-a-new-task-chromium/trace.zip
    Usage:

        npx playwright show-trace test-results/basic-interactions-Basic-A-9a8b5-d-allow-creating-a-new-task-chromium/trace.zip

    ────────────────────────────────────────────────────────────────────────────────────────────────


[1A[2K  1 failed
    [chromium] › tests/basic-interactions.spec.js:33:8 › Basic Application Interactions › should allow creating a new task

[36m  Serving HTML report at http://localhost:9323. Press Ctrl+C to quit.[39m
